<?xml version="1.0" encoding="UTF-8"?>
<!-- Generated by org.testng.reporters.JUnitReportReporter -->
<testsuite hostname="MYSHEC347928L" failures="0" tests="3" name="stepDefinitions.NewOne" time="6.310" errors="0" timestamp="2020-12-07T11:49:15 IST" skipped="0">
  <testcase classname="stepDefinitions.NewOne" name="i_want_to_write_a_step_with_precondition" time="1.241"/>
  <system-out/>
  <testcase classname="stepDefinitions.NewOne" name="i_want_to_write_a_step_with_precondition" time="3.848"/>
  <system-out/>
  <testcase classname="stepDefinitions.NewOne" name="i_want_to_write_a_step_with_precondition" time="1.221"/>
  <system-out/>
</testsuite> <!-- stepDefinitions.NewOne -->
