<?xml version="1.0" encoding="UTF-8"?>
<!-- Generated by org.testng.reporters.JUnitReportReporter -->
<testsuite hostname="MYSHEC347928L" failures="0" tests="7" name="stepDefinitions.NeagtiveResponse1" time="7.529" errors="0" timestamp="2020-12-07T15:41:50 IST" skipped="0">
  <testcase classname="stepDefinitions.NeagtiveResponse1" name="validate_positive_response_code_receivedd" time="0.005"/>
  <system-out/>
  <testcase classname="stepDefinitions.NeagtiveResponse1" name="posted_with_future_date_information" time="1.272"/>
  <system-out/>
  <testcase classname="stepDefinitions.NeagtiveResponse1" name="validate_positive_response_code_receivedd" time="0.001"/>
  <system-out/>
  <testcase classname="stepDefinitions.NeagtiveResponse1" name="api_for_foreign_exchangess" time="3.969"/>
  <system-out/>
  <testcase classname="stepDefinitions.NeagtiveResponse1" name="posted_with_future_date_information" time="1.148"/>
  <system-out/>
  <testcase classname="stepDefinitions.NeagtiveResponse1" name="posted_with_future_date_information" time="1.132"/>
  <system-out/>
  <testcase classname="stepDefinitions.NeagtiveResponse1" name="validate_positive_response_code_receivedd" time="0.002"/>
  <system-out/>
</testsuite> <!-- stepDefinitions.NeagtiveResponse1 -->
