<?xml version="1.0" encoding="UTF-8"?>
<!-- Generated by org.testng.reporters.JUnitReportReporter -->
<testsuite hostname="MYSHEC347928L" failures="0" tests="7" name="com.infy1.FutureDateResponse" time="7.795" errors="0" timestamp="2020-12-07T16:10:06 IST" skipped="0">
  <testcase classname="com.infy1.FutureDateResponse" name="validate_positive_response_code_receivedd" time="0.005"/>
  <system-out/>
  <testcase classname="com.infy1.FutureDateResponse" name="posted_with_future_date_information" time="1.112"/>
  <system-out/>
  <testcase classname="com.infy1.FutureDateResponse" name="validate_positive_response_code_receivedd" time="0.001"/>
  <system-out/>
  <testcase classname="com.infy1.FutureDateResponse" name="api_for_foreign_exchangess" time="3.497"/>
  <system-out/>
  <testcase classname="com.infy1.FutureDateResponse" name="posted_with_future_date_information" time="2.015"/>
  <system-out/>
  <testcase classname="com.infy1.FutureDateResponse" name="posted_with_future_date_information" time="1.164"/>
  <system-out/>
  <testcase classname="com.infy1.FutureDateResponse" name="validate_positive_response_code_receivedd" time="0.001"/>
  <system-out/>
</testsuite> <!-- com.infy1.FutureDateResponse -->
