<?xml version="1.0" encoding="UTF-8"?>
<!-- Generated by org.testng.reporters.JUnitReportReporter -->
<testsuite hostname="MYSHEC347928L" failures="0" tests="1" name="com.infy.FutureResponse" time="3.997" errors="0" timestamp="2020-12-07T17:42:52 IST" skipped="0">
  <testcase classname="com.infy.FutureResponse" name="api_for_foreign_exchangess" time="3.997"/>
  <system-out/>
</testsuite> <!-- com.infy.FutureResponse -->
